[0m02:46:45  Running with dbt=1.9.8
[0m02:46:46  Registered adapter: snowflake=1.9.1
[0m02:46:49  [[33mWARNING[0m]: Configuration paths exist in your dbt_project.yml file which do not apply to any resources.
There are 9 unused configuration paths:
- models.gitlab_snowflake.workspaces.workspace_product.snowplow
- models.snowflake_spend
- models.gitlab_snowflake.sources.snowplow
- models.gitlab_snowflake.legacy.snowplow
- models.gitlab_snowflake.legacy.snowplow.month_partition
- models.gitlab_snowflake.sources.runner_usage
- models.gitlab_snowflake.common_prep.month_partition.snowplow
- seeds.gitlab_snowflake.seed_customer_success
- seeds.gitlab_snowflake.snowplow
[0m02:46:59  Found 3024 models, 108 snapshots, 1183 seeds, 4 operations, 5167 data tests, 1162 sources, 13 exposures, 938 macros
[0m02:46:59  
[0m02:46:59  Concurrency: 4 threads (target='embucket')
[0m02:46:59  
[0m02:47:01  
[0m02:47:01  Finished running  in 0 hours 0 minutes and 1.72 seconds (1.72s).
[0m02:47:01  Encountered an error:
Runtime Error
  Database error while listing schemas in database "EMBUCKET"
  Database Error
    250003 (08001): 401 Unauthorized: post http://localhost:3000/session/v1/login-request?request_id=7e41ce55-1c88-4d37-bb46-7601dc017a87&databaseName=EMBUCKET&schemaName=public&warehouse=COMPUTE_WH&roleName=SYSADMIN
